This is pdfTeX, Version 3.1415926-2.5-1.40.14 (TeX Live 2013) (format=pdflatex 2013.5.30)  1 MAY 2018 03:23
entering extended mode
 restricted \write18 enabled.
 file:line:error style messages enabled.
 %&-line parsing enabled.
**SPTHESIS2.tex
(./SPTHESIS2.tex
LaTeX2e <2011/06/27>
Babel <3.9f> and hyphenation patterns for 78 languages loaded.
(./cornell.cls
Document Class: cornell 2008/4/17 v2.9 Cornell University thesis class
(/usr/local/texlive/2013/texmf-dist/tex/latex/base/report.cls
Document Class: report 2007/10/19 v1.4h Standard LaTeX document class
(/usr/local/texlive/2013/texmf-dist/tex/latex/base/size12.clo
File: size12.clo 2007/10/19 v1.4h Standard LaTeX file (size option)
)
\c@part=\count79
\c@chapter=\count80
\c@section=\count81
\c@subsection=\count82
\c@subsubsection=\count83
\c@paragraph=\count84
\c@subparagraph=\count85
\c@figure=\count86
\c@table=\count87
\abovecaptionskip=\skip41
\belowcaptionskip=\skip42
\bibindent=\dimen102
)
\@abhdskip=\skip43
)
(/usr/local/texlive/2013/texmf-dist/tex/latex/graphics/graphicx.sty
Package: graphicx 1999/02/16 v1.0f Enhanced LaTeX Graphics (DPC,SPQR)

(/usr/local/texlive/2013/texmf-dist/tex/latex/graphics/keyval.sty
Package: keyval 1999/03/16 v1.13 key=value parser (DPC)
\KV@toks@=\toks14
)
(/usr/local/texlive/2013/texmf-dist/tex/latex/graphics/graphics.sty
Package: graphics 2009/02/05 v1.0o Standard LaTeX Graphics (DPC,SPQR)

(/usr/local/texlive/2013/texmf-dist/tex/latex/graphics/trig.sty
Package: trig 1999/03/16 v1.09 sin cos tan (DPC)
)
(/usr/local/texlive/2013/texmf-dist/tex/latex/latexconfig/graphics.cfg
File: graphics.cfg 2010/04/23 v1.9 graphics configuration of TeX Live
)
Package graphics Info: Driver file: pdftex.def on input line 91.

(/usr/local/texlive/2013/texmf-dist/tex/latex/pdftex-def/pdftex.def
File: pdftex.def 2011/05/27 v0.06d Graphics/color for pdfTeX

(/usr/local/texlive/2013/texmf-dist/tex/generic/oberdiek/infwarerr.sty
Package: infwarerr 2010/04/08 v1.3 Providing info/warning/error messages (HO)
)
(/usr/local/texlive/2013/texmf-dist/tex/generic/oberdiek/ltxcmds.sty
Package: ltxcmds 2011/11/09 v1.22 LaTeX kernel commands for general use (HO)
)
\Gread@gobject=\count88
))
\Gin@req@height=\dimen103
\Gin@req@width=\dimen104
)
(/usr/local/texlive/2013/texmf-dist/tex/latex/pstricks/pstricks.sty
Package: pstricks 2013/05/21 v0.56 LaTeX wrapper for `PSTricks' (RN,HV)

(/usr/local/texlive/2013/texmf-dist/tex/generic/pstricks/pstricks.tex
(/usr/local/texlive/2013/texmf-dist/tex/generic/xkeyval/pst-xkey.tex
File: pst-xkey.tex 2005/11/25 v1.6 PSTricks specialization of xkeyval (HA)

(/usr/local/texlive/2013/texmf-dist/tex/latex/xkeyval/xkeyval.sty
Package: xkeyval 2012/10/14 v2.6b package option processing (HA)

(/usr/local/texlive/2013/texmf-dist/tex/generic/xkeyval/xkeyval.tex
\XKV@toks=\toks15
\XKV@tempa@toks=\toks16
\XKV@depth=\count89
File: xkeyval.tex 2012/10/14 v2.6b key=value parser (HA)
)))
(/usr/local/texlive/2013/texmf-dist/tex/generic/pstricks/pst-fp.tex
`pst-fp' v0.05, 2010/01/17 (hv)
\pstFP@xs=\count90
\pstFP@xia=\count91
\pstFP@xib=\count92
\pstFP@xfa=\count93
\pstFP@xfb=\count94
\pstFP@rega=\count95
\pstFP@regb=\count96
\pstFP@regs=\count97
\pstFP@times=\count98
)
(/usr/local/texlive/2013/texmf-dist/tex/generic/pgf/utilities/pgfutil-common.te
x
\pgfutil@everybye=\toks17
)
(/usr/local/texlive/2013/texmf-dist/tex/generic/pgf/utilities/pgfkeys.code.tex
\pgfkeys@pathtoks=\toks18
\pgfkeys@temptoks=\toks19

(/usr/local/texlive/2013/texmf-dist/tex/generic/pgf/utilities/pgfkeysfiltered.c
ode.tex
\pgfkeys@tmptoks=\toks20
))
(/usr/local/texlive/2013/texmf-dist/tex/generic/pgf/utilities/pgffor.code.tex
\pgffor@iter=\dimen105
\pgffor@skip=\dimen106
\pgffor@stack=\toks21
\pgffor@toks=\toks22
)
\psLoopIndex=\count99

`PSTricks' v2.43  <2013/05/12> (tvz)
\pst@dima=\dimen107
\pst@dimb=\dimen108
\pst@dimc=\dimen109
\pst@dimd=\dimen110
\pst@dimg=\dimen111
\pst@dimh=\dimen112
\pst@dimm=\dimen113
\pst@dimn=\dimen114
\pst@dimo=\dimen115
\pst@dimp=\dimen116
\pst@hbox=\box26
\pst@ibox=\box27
\pst@boxg=\box28
\pst@cnta=\count100
\pst@cntb=\count101
\pst@cntc=\count102
\pst@cntd=\count103
\pst@cntg=\count104
\pst@cnth=\count105
\pst@cntm=\count106
\pst@cntn=\count107
\pst@cnto=\count108
\pst@cntp=\count109
\@zero=\count110
\pst@toks=\toks23
(/usr/local/texlive/2013/texmf-dist/tex/generic/pstricks/pstricks.con)
\psunit=\dimen117
\psxunit=\dimen118
\psyunit=\dimen119
\pst@C@@rType=\count111
\pslinewidth=\dimen120
\psk@startLW=\dimen121
\psk@endLW=\dimen122
\pst@customdefs=\toks24
\pslinearc=\dimen123
\pst@symbolStep=\dimen124
\pst@symbolWidth=\dimen125
\pst@symbolLinewidth=\dimen126
\everypsbox=\toks25
\psframesep=\dimen127
\pslabelsep=\dimen128
\sh@wgridXunit=\dimen129
\sh@wgridYunit=\dimen130
\pst@shift=\dimen131
\theoverlaybox=\box29
)
File: pstricks.tex 2013/05/12 v2.43 `PSTricks' (tvz,hv)

(/usr/local/texlive/2013/texmf-dist/tex/generic/pstricks/pst-fp.tex)
File: pst-fp.tex 2013/05/12 v2.43 `PST-fp' (hv)

(/usr/local/texlive/2013/texmf-dist/tex/latex/xcolor/xcolor.sty
Package: xcolor 2007/01/21 v2.11 LaTeX color extensions (UK)

(/usr/local/texlive/2013/texmf-dist/tex/latex/latexconfig/color.cfg
File: color.cfg 2007/01/18 v1.5 color configuration of teTeX/TeXLive
)
Package xcolor Info: Driver file: pdftex.def on input line 225.
Package xcolor Info: Model `cmy' substituted by `cmy0' on input line 1337.
Package xcolor Info: Model `hsb' substituted by `rgb' on input line 1341.
Package xcolor Info: Model `RGB' extended on input line 1353.
Package xcolor Info: Model `HTML' substituted by `rgb' on input line 1355.
Package xcolor Info: Model `Hsb' substituted by `hsb' on input line 1356.
Package xcolor Info: Model `tHsb' substituted by `hsb' on input line 1357.
Package xcolor Info: Model `HSB' substituted by `hsb' on input line 1358.
Package xcolor Info: Model `Gray' substituted by `gray' on input line 1359.
Package xcolor Info: Model `wave' substituted by `hsb' on input line 1360.
))
(/usr/local/texlive/2013/texmf-dist/tex/latex/moreverb/moreverb.sty
Package: moreverb 2008/06/03 v2.3a `more' verbatim facilities

(/usr/local/texlive/2013/texmf-dist/tex/latex/tools/verbatim.sty
Package: verbatim 2003/08/22 v1.5q LaTeX2e package for verbatim enhancements
\every@verbatim=\toks26
\verbatim@line=\toks27
\verbatim@in@stream=\read1
)
\tab@position=\count112
\tab@size=\count113
\listing@line=\count114
)
(/usr/local/texlive/2013/texmf-dist/tex/latex/subfigure/subfigure.sty
Package: subfigure 2002/03/15 v2.1.5 subfigure package
\subfigtopskip=\skip44
\subfigcapskip=\skip45
\subfigcaptopadj=\dimen132
\subfigbottomskip=\skip46
\subfigcapmargin=\dimen133
\subfiglabelskip=\skip47
\c@subfigure=\count115
\c@lofdepth=\count116
\c@subtable=\count117
\c@lotdepth=\count118

****************************************
* Local config file subfigure.cfg used *
****************************************
(/usr/local/texlive/2013/texmf-dist/tex/latex/subfigure/subfigure.cfg)
\subfig@top=\skip48
\subfig@bottom=\skip49
)
(/usr/local/texlive/2013/texmf-dist/tex/latex/graphics/epsfig.sty
Package: epsfig 1999/02/16 v1.7a (e)psfig emulation (SPQR)
\epsfxsize=\dimen134
\epsfysize=\dimen135
)
(/usr/local/texlive/2013/texmf-dist/tex/latex/misc209/hangcaption.sty
\captionwidth=\skip50
)
(/usr/local/texlive/2013/texmf-dist/tex/latex/txfonts/txfonts.sty
Package: txfonts 2008/01/22 v3.2.1
LaTeX Font Info:    Redeclaring symbol font `operators' on input line 21.
LaTeX Font Info:    Overwriting symbol font `operators' in version `normal'
(Font)                  OT1/cmr/m/n --> OT1/txr/m/n on input line 21.
LaTeX Font Info:    Overwriting symbol font `operators' in version `bold'
(Font)                  OT1/cmr/bx/n --> OT1/txr/m/n on input line 21.
LaTeX Font Info:    Overwriting symbol font `operators' in version `bold'
(Font)                  OT1/txr/m/n --> OT1/txr/bx/n on input line 22.
\symitalic=\mathgroup4
LaTeX Font Info:    Overwriting symbol font `italic' in version `bold'
(Font)                  OT1/txr/m/it --> OT1/txr/bx/it on input line 26.
LaTeX Font Info:    Redeclaring math alphabet \mathbf on input line 29.
LaTeX Font Info:    Overwriting math alphabet `\mathbf' in version `normal'
(Font)                  OT1/cmr/bx/n --> OT1/txr/bx/n on input line 29.
LaTeX Font Info:    Overwriting math alphabet `\mathbf' in version `bold'
(Font)                  OT1/cmr/bx/n --> OT1/txr/bx/n on input line 29.
LaTeX Font Info:    Redeclaring math alphabet \mathit on input line 30.
LaTeX Font Info:    Overwriting math alphabet `\mathit' in version `normal'
(Font)                  OT1/cmr/m/it --> OT1/txr/m/it on input line 30.
LaTeX Font Info:    Overwriting math alphabet `\mathit' in version `bold'
(Font)                  OT1/cmr/bx/it --> OT1/txr/m/it on input line 30.
LaTeX Font Info:    Overwriting math alphabet `\mathit' in version `bold'
(Font)                  OT1/txr/m/it --> OT1/txr/bx/it on input line 31.
LaTeX Font Info:    Redeclaring math alphabet \mathsf on input line 40.
LaTeX Font Info:    Overwriting math alphabet `\mathsf' in version `normal'
(Font)                  OT1/cmss/m/n --> OT1/txss/m/n on input line 40.
LaTeX Font Info:    Overwriting math alphabet `\mathsf' in version `bold'
(Font)                  OT1/cmss/bx/n --> OT1/txss/m/n on input line 40.
LaTeX Font Info:    Overwriting math alphabet `\mathsf' in version `bold'
(Font)                  OT1/txss/m/n --> OT1/txss/b/n on input line 41.
LaTeX Font Info:    Redeclaring math alphabet \mathtt on input line 50.
LaTeX Font Info:    Overwriting math alphabet `\mathtt' in version `normal'
(Font)                  OT1/cmtt/m/n --> OT1/txtt/m/n on input line 50.
LaTeX Font Info:    Overwriting math alphabet `\mathtt' in version `bold'
(Font)                  OT1/cmtt/m/n --> OT1/txtt/m/n on input line 50.
LaTeX Font Info:    Overwriting math alphabet `\mathtt' in version `bold'
(Font)                  OT1/txtt/m/n --> OT1/txtt/b/n on input line 51.
LaTeX Font Info:    Redeclaring symbol font `letters' on input line 58.
LaTeX Font Info:    Overwriting symbol font `letters' in version `normal'
(Font)                  OML/cmm/m/it --> OML/txmi/m/it on input line 58.
LaTeX Font Info:    Overwriting symbol font `letters' in version `bold'
(Font)                  OML/cmm/b/it --> OML/txmi/m/it on input line 58.
LaTeX Font Info:    Overwriting symbol font `letters' in version `bold'
(Font)                  OML/txmi/m/it --> OML/txmi/bx/it on input line 59.
\symlettersA=\mathgroup5
LaTeX Font Info:    Overwriting symbol font `lettersA' in version `bold'
(Font)                  U/txmia/m/it --> U/txmia/bx/it on input line 67.
LaTeX Font Info:    Redeclaring symbol font `symbols' on input line 77.
LaTeX Font Info:    Overwriting symbol font `symbols' in version `normal'
(Font)                  OMS/cmsy/m/n --> OMS/txsy/m/n on input line 77.
LaTeX Font Info:    Overwriting symbol font `symbols' in version `bold'
(Font)                  OMS/cmsy/b/n --> OMS/txsy/m/n on input line 77.
LaTeX Font Info:    Overwriting symbol font `symbols' in version `bold'
(Font)                  OMS/txsy/m/n --> OMS/txsy/bx/n on input line 78.
\symAMSa=\mathgroup6
LaTeX Font Info:    Overwriting symbol font `AMSa' in version `bold'
(Font)                  U/txsya/m/n --> U/txsya/bx/n on input line 94.
\symAMSb=\mathgroup7
LaTeX Font Info:    Overwriting symbol font `AMSb' in version `bold'
(Font)                  U/txsyb/m/n --> U/txsyb/bx/n on input line 103.
\symsymbolsC=\mathgroup8
LaTeX Font Info:    Overwriting symbol font `symbolsC' in version `bold'
(Font)                  U/txsyc/m/n --> U/txsyc/bx/n on input line 113.
LaTeX Font Info:    Redeclaring symbol font `largesymbols' on input line 120.
LaTeX Font Info:    Overwriting symbol font `largesymbols' in version `normal'
(Font)                  OMX/cmex/m/n --> OMX/txex/m/n on input line 120.
LaTeX Font Info:    Overwriting symbol font `largesymbols' in version `bold'
(Font)                  OMX/cmex/m/n --> OMX/txex/m/n on input line 120.
LaTeX Font Info:    Overwriting symbol font `largesymbols' in version `bold'
(Font)                  OMX/txex/m/n --> OMX/txex/bx/n on input line 121.
\symlargesymbolsA=\mathgroup9
LaTeX Font Info:    Overwriting symbol font `largesymbolsA' in version `bold'
(Font)                  U/txexa/m/n --> U/txexa/bx/n on input line 129.
LaTeX Info: Redefining \not on input line 1043.
)
(/usr/local/texlive/2013/texmf-dist/tex/latex/psnfss/palatino.sty
Package: palatino 2005/04/12 PSNFSS-v9.2a (SPQR) 
)
(./SPTHESIS2.aux

LaTeX Warning: Label `eq:gamma' multiply defined.


LaTeX Warning: Label `eq:cmat' multiply defined.


LaTeX Warning: Label `eq:eom2' multiply defined.


LaTeX Warning: Label `eq:hs' multiply defined.


LaTeX Warning: Label `eq:systemham' multiply defined.


LaTeX Warning: Label `eq:hs' multiply defined.


LaTeX Warning: Label `fig:solventhist1' multiply defined.


LaTeX Warning: Label `eq:hs' multiply defined.


LaTeX Warning: Label `eq:hs' multiply defined.


LaTeX Warning: Label `eq:hs' multiply defined.


LaTeX Warning: Label `eq:hs' multiply defined.


LaTeX Warning: Label `eq:hs' multiply defined.


LaTeX Warning: Label `eq:hs' multiply defined.

)
\openout1 = `SPTHESIS2.aux'.

LaTeX Font Info:    Checking defaults for OML/txmi/m/it on input line 47.
LaTeX Font Info:    Try loading font information for OML+txmi on input line 47.

 (/usr/local/texlive/2013/texmf-dist/tex/latex/txfonts/omltxmi.fd
File: omltxmi.fd 2000/12/15 v3.1
)
LaTeX Font Info:    ... okay on input line 47.
LaTeX Font Info:    Checking defaults for T1/cmr/m/n on input line 47.
LaTeX Font Info:    ... okay on input line 47.
LaTeX Font Info:    Checking defaults for OT1/cmr/m/n on input line 47.
LaTeX Font Info:    ... okay on input line 47.
LaTeX Font Info:    Checking defaults for OMS/txsy/m/n on input line 47.
LaTeX Font Info:    Try loading font information for OMS+txsy on input line 47.


(/usr/local/texlive/2013/texmf-dist/tex/latex/txfonts/omstxsy.fd
File: omstxsy.fd 2000/12/15 v3.1
)
LaTeX Font Info:    ... okay on input line 47.
LaTeX Font Info:    Checking defaults for OMX/txex/m/n on input line 47.
LaTeX Font Info:    Try loading font information for OMX+txex on input line 47.


(/usr/local/texlive/2013/texmf-dist/tex/latex/txfonts/omxtxex.fd
File: omxtxex.fd 2000/12/15 v3.1
)
LaTeX Font Info:    ... okay on input line 47.
LaTeX Font Info:    Checking defaults for U/txexa/m/n on input line 47.
LaTeX Font Info:    Try loading font information for U+txexa on input line 47.

(/usr/local/texlive/2013/texmf-dist/tex/latex/txfonts/utxexa.fd
File: utxexa.fd 2000/12/15 v3.1
)
LaTeX Font Info:    ... okay on input line 47.
LaTeX Font Info:    Try loading font information for OT1+ppl on input line 47.

(/usr/local/texlive/2013/texmf-dist/tex/latex/psnfss/ot1ppl.fd
File: ot1ppl.fd 2001/06/04 font definitions for OT1/ppl.
)
(/usr/local/texlive/2013/texmf-dist/tex/context/base/supp-pdf.mkii
[Loading MPS to PDF converter (version 2006.09.02).]
\scratchcounter=\count119
\scratchdimen=\dimen136
\scratchbox=\box30
\nofMPsegments=\count120
\nofMParguments=\count121
\everyMPshowfont=\toks28
\MPscratchCnt=\count122
\MPscratchDim=\dimen137
\MPnumerator=\count123
\makeMPintoPDFobject=\count124
\everyMPtoPDFconversion=\toks29
) (/usr/local/texlive/2013/texmf-dist/tex/generic/oberdiek/pdftexcmds.sty
Package: pdftexcmds 2011/11/29 v0.20 Utility functions of pdfTeX for LuaTeX (HO
)

(/usr/local/texlive/2013/texmf-dist/tex/generic/oberdiek/ifluatex.sty
Package: ifluatex 2010/03/01 v1.3 Provides the ifluatex switch (HO)
Package ifluatex Info: LuaTeX not detected.
)
(/usr/local/texlive/2013/texmf-dist/tex/generic/oberdiek/ifpdf.sty
Package: ifpdf 2011/01/30 v2.3 Provides the ifpdf switch (HO)
Package ifpdf Info: pdfTeX in PDF mode is detected.
)
Package pdftexcmds Info: LuaTeX not detected.
Package pdftexcmds Info: \pdf@primitive is available.
Package pdftexcmds Info: \pdf@ifprimitive is available.
Package pdftexcmds Info: \pdfdraftmode found.
)
(/usr/local/texlive/2013/texmf-dist/tex/latex/oberdiek/epstopdf-base.sty
Package: epstopdf-base 2010/02/09 v2.5 Base part for package epstopdf

(/usr/local/texlive/2013/texmf-dist/tex/latex/oberdiek/grfext.sty
Package: grfext 2010/08/19 v1.1 Manage graphics extensions (HO)

(/usr/local/texlive/2013/texmf-dist/tex/generic/oberdiek/kvdefinekeys.sty
Package: kvdefinekeys 2011/04/07 v1.3 Define keys (HO)
))
(/usr/local/texlive/2013/texmf-dist/tex/latex/oberdiek/kvoptions.sty
Package: kvoptions 2011/06/30 v3.11 Key value format for package options (HO)

(/usr/local/texlive/2013/texmf-dist/tex/generic/oberdiek/kvsetkeys.sty
Package: kvsetkeys 2012/04/25 v1.16 Key value parser (HO)

(/usr/local/texlive/2013/texmf-dist/tex/generic/oberdiek/etexcmds.sty
Package: etexcmds 2011/02/16 v1.5 Avoid name clashes with e-TeX commands (HO)
Package etexcmds Info: Could not find \expanded.
(etexcmds)             That can mean that you are not using pdfTeX 1.50 or
(etexcmds)             that some package has redefined \expanded.
(etexcmds)             In the latter case, load this package earlier.
)))
Package grfext Info: Graphics extension search list:
(grfext)             [.png,.pdf,.jpg,.mps,.jpeg,.jbig2,.jb2,.PNG,.PDF,.JPG,.JPE
G,.JBIG2,.JB2,.eps]
(grfext)             \AppendGraphicsExtensions on input line 452.

(/usr/local/texlive/2013/texmf-dist/tex/latex/latexconfig/epstopdf-sys.cfg
File: epstopdf-sys.cfg 2010/07/13 v1.3 Configuration of (r)epstopdf for TeX Liv
e
))
Title page
[1
Non-PDF special ignored!
Non-PDF special ignored!
Non-PDF special ignored!
Non-PDF special ignored!


Non-PDF special ignored!
Non-PDF special ignored!{/usr/local/texlive/2013/texmf-var/fonts/map/pdftex/upd
map/pdftex.map}]
Copyleft page
LaTeX Font Info:    Try loading font information for OMS+ppl on input line 50.
(/usr/local/texlive/2013/texmf-dist/tex/latex/psnfss/omsppl.fd
File: omsppl.fd 
)
LaTeX Font Info:    Font shape `OMS/ppl/m/n' in size <12> not available
(Font)              Font shape `OMS/cmsy/m/n' tried instead on input line 50.
 [2

]
Abstract
[3

] [4]
Vita
LaTeX Font Info:    Font shape `OT1/ppl/bx/n' in size <12> not available
(Font)              Font shape `OT1/ppl/b/n' tried instead on input line 72.
[3


] [4

] [5


] [6] [7] (./SPTHESIS2.toc
LaTeX Font Info:    Try loading font information for OT1+txr on input line 1.

(/usr/local/texlive/2013/texmf-dist/tex/latex/txfonts/ot1txr.fd
File: ot1txr.fd 2000/12/15 v3.1
)
LaTeX Font Info:    Try loading font information for U+txmia on input line 1.

(/usr/local/texlive/2013/texmf-dist/tex/latex/txfonts/utxmia.fd
File: utxmia.fd 2000/12/15 v3.1
)
LaTeX Font Info:    Try loading font information for U+txsya on input line 1.

(/usr/local/texlive/2013/texmf-dist/tex/latex/txfonts/utxsya.fd
File: utxsya.fd 2000/12/15 v3.1
)
LaTeX Font Info:    Try loading font information for U+txsyb on input line 1.

(/usr/local/texlive/2013/texmf-dist/tex/latex/txfonts/utxsyb.fd
File: utxsyb.fd 2000/12/15 v3.1
)
LaTeX Font Info:    Try loading font information for U+txsyc on input line 1.

(/usr/local/texlive/2013/texmf-dist/tex/latex/txfonts/utxsyc.fd
File: utxsyc.fd 2000/12/15 v3.1
) [8


])
\tf@toc=\write3
\openout3 = `SPTHESIS2.toc'.

 [9]
(./SPTHESIS2.lot)
\tf@lot=\write4
\openout4 = `SPTHESIS2.lot'.

 [10


] (./SPTHESIS2.lof [11


])
\tf@lof=\write5
\openout5 = `SPTHESIS2.lof'.

 [12]
Chapter 1.
[1


] [2] [3] [4]
Chapter 2.
[5

] [6] [7] [8] [9]
LaTeX Font Info:    Font shape `OT1/ppl/bx/n' in size <14.4> not available
(Font)              Font shape `OT1/ppl/b/n' tried instead on input line 324.
 [10] [11] [12] [13] [14] [15] [16] [17] [18]
Overfull \hbox (49.16913pt too wide) detected at line 540
[]\OMS/txsy/m/n/12 M[]\OT1/txr/m/n/12 (\OT1/txr/bx/n/12 R[]\OML/txmi/m/it/12 ; 
\OT1/txr/bx/n/12 R[]\OT1/txr/m/n/12 ) = [] \OML/txmi/m/it/12 ;
 []

[19] [20]
Underfull \hbox (badness 10000) in paragraph at lines 685--693

 []


Underfull \hbox (badness 10000) in paragraph at lines 694--696

 []


Underfull \hbox (badness 10000) in paragraph at lines 730--732

 []

[21] [22]

LaTeX Warning: `!h' float specifier changed to `!ht'.

<etpotsym.pdf, id=129, 794.97pt x 614.295pt>
File: etpotsym.pdf Graphic file (type pdf)
 <use etpotsym.pdf>
Package pdftex.def Info: etpotsym.pdf used on input line 845.
(pdftex.def)             Requested size: 238.49284pt x 184.28992pt.


LaTeX Warning: `!h' float specifier changed to `!ht'.

<etsymeconverge.pdf, id=130, 794.97pt x 614.295pt>
File: etsymeconverge.pdf Graphic file (type pdf)
 <use etsymeconverge.pdf>
Package pdftex.def Info: etsymeconverge.pdf used on input line 854.
(pdftex.def)             Requested size: 317.98236pt x 245.71364pt.

[23]

LaTeX Warning: `!h' float specifier changed to `!ht'.

[24 <./etpotsym.pdf>] [25 <./etsymeconverge.pdf>]
Overfull \hbox (3.15547pt too wide) detected at line 927
\OML/txmi/m/it/12 C[]\OT1/txr/m/n/12 (\OML/txmi/m/it/12 t\OT1/txr/m/n/12 ) = []
 [] \OML/txmi/m/it/12 d\OMS/txsy/m/n/12 f\OT1/txr/bx/n/12 x[]\OMS/txsy/m/n/12 g
 [] \OML/txmi/m/it/12 d\OMS/txsy/m/n/12 f\OT1/txr/bx/n/12 p[]\OMS/txsy/m/n/12 g
 [] \OML/txmi/m/it/12 d\OMS/txsy/m/n/12 f\OT1/txr/bx/n/12 R[]\OMS/txsy/m/n/12 g
 [] \OML/txmi/m/it/12 d\OMS/txsy/m/n/12 f\OT1/txr/bx/n/12 P[]\OMS/txsy/m/n/12 g
\OML/txmi/m/it/12 e[][]\OT1/txr/m/n/12 (0)[](\OML/txmi/m/it/12 t\OT1/txr/m/n/12
 )[](^^B)\OML/txmi/m/it/12 :
 []

[26] [27]
Chapter 3.
[28

] [29] [30] [31]

LaTeX Warning: `!h' float specifier changed to `!ht'.

<twostateconc.pdf, id=199, 794.97pt x 614.295pt>
File: twostateconc.pdf Graphic file (type pdf)
 <use twostateconc.pdf>
Package pdftex.def Info: twostateconc.pdf used on input line 1097.
(pdftex.def)             Requested size: 317.98236pt x 245.71364pt.


LaTeX Warning: `!h' float specifier changed to `!ht'.

<proton.pdf, id=200, 794.97pt x 614.295pt>
File: proton.pdf Graphic file (type pdf)
 <use proton.pdf>
Package pdftex.def Info: proton.pdf used on input line 1107.
(pdftex.def)             Requested size: 317.98236pt x 245.71364pt.


LaTeX Warning: `!h' float specifier changed to `!ht'.

[32] [33 <./twostateconc.pdf>] [34 <./proton.pdf>]
<etwostateconverge.pdf, id=243, 794.97pt x 614.295pt>
File: etwostateconverge.pdf Graphic file (type pdf)

<use etwostateconverge.pdf>
Package pdftex.def Info: etwostateconverge.pdf used on input line 1124.
(pdftex.def)             Requested size: 317.98236pt x 245.71364pt.


LaTeX Warning: `!h' float specifier changed to `!ht'.

<solventhistfirstmodel.pdf, id=244, 794.97pt x 614.295pt>
File: solventhistfirstmodel.pdf Graphic file (type pdf)

<use solventhistfirstmodel.pdf>
Package pdftex.def Info: solventhistfirstmodel.pdf used on input line 1134.
(pdftex.def)             Requested size: 317.98236pt x 245.71364pt.

<protonhistfirstmodel.pdf, id=245, 794.97pt x 614.295pt>
File: protonhistfirstmodel.pdf Graphic file (type pdf)

<use protonhistfirstmodel.pdf>
Package pdftex.def Info: protonhistfirstmodel.pdf used on input line 1143.
(pdftex.def)             Requested size: 317.98236pt x 245.71364pt.


LaTeX Warning: `!h' float specifier changed to `!ht'.


LaTeX Warning: `!h' float specifier changed to `!ht'.

[35] [36 <./etwostateconverge.pdf> <./solventhistfirstmodel.pdf>] [37 <./proton
histfirstmodel.pdf>] [38]
Chapter 4.
[39

] [40] [41] [42] [43] <solventhist1.pdf, id=351, 794.97pt x 614.295pt>
File: solventhist1.pdf Graphic file (type pdf)

<use solventhist1.pdf>
Package pdftex.def Info: solventhist1.pdf used on input line 1442.
(pdftex.def)             Requested size: 317.98236pt x 245.71364pt.
 <econvergeconc.pdf, id=352, 794.97pt x 614.295pt>
File: econvergeconc.pdf Graphic file (type pdf)

<use econvergeconc.pdf>
Package pdftex.def Info: econvergeconc.pdf used on input line 1451.
(pdftex.def)             Requested size: 317.98236pt x 245.71364pt.


LaTeX Warning: `!h' float specifier changed to `!ht'.

[44 <./solventhist1.pdf>]
Package epstopdf Info: Source file: <concpot.eps>
(epstopdf)                    date: 2017-08-29 17:47:16
(epstopdf)                    size: 21751 bytes
(epstopdf)             Output file: <concpot-eps-converted-to.pdf>
(epstopdf)                    date: 2018-04-02 15:26:26
(epstopdf)                    size: 7124 bytes
(epstopdf)             Command: <repstopdf --outfile=concpot-eps-converted-to.p
df concpot.eps>
(epstopdf)             \includegraphics on input line 1493.
Package epstopdf Info: Output file is already uptodate.

<concpot-eps-converted-to.pdf, id=376, 361.35pt x 252.945pt>
File: concpot-eps-converted-to.pdf Graphic file (type pdf)

<use concpot-eps-converted-to.pdf>
Package pdftex.def Info: concpot-eps-converted-to.pdf used on input line 1493.
(pdftex.def)             Requested size: 289.0804pt x 202.35626pt.


LaTeX Warning: `!h' float specifier changed to `!ht'.

Package epstopdf Info: Source file: <pcetnew.eps>
(epstopdf)                    date: 2017-08-24 15:54:45
(epstopdf)                    size: 1737861 bytes
(epstopdf)             Output file: <pcetnew-eps-converted-to.pdf>
(epstopdf)                    date: 2018-04-02 15:27:11
(epstopdf)                    size: 12331 bytes
(epstopdf)             Command: <repstopdf --outfile=pcetnew-eps-converted-to.p
df pcetnew.eps>
(epstopdf)             \includegraphics on input line 1505.
Package epstopdf Info: Output file is already uptodate.
<pcetnew-eps-converted-to.pdf, id=377, 634.37pt x 452.69125pt>
File: pcetnew-eps-converted-to.pdf Graphic file (type pdf)

<use pcetnew-eps-converted-to.pdf>
Package pdftex.def Info: pcetnew-eps-converted-to.pdf used on input line 1505.
(pdftex.def)             Requested size: 253.7435pt x 181.07329pt.


LaTeX Warning: `!h' float specifier changed to `!ht'.

[45 <./econvergeconc.pdf>]
Package epstopdf Info: Source file: <ptpot.eps>
(epstopdf)                    date: 2017-11-02 17:24:31
(epstopdf)                    size: 21543 bytes
(epstopdf)             Output file: <ptpot-eps-converted-to.pdf>
(epstopdf)                    date: 2018-04-02 15:14:09
(epstopdf)                    size: 6943 bytes
(epstopdf)             Command: <repstopdf --outfile=ptpot-eps-converted-to.pdf
 ptpot.eps>
(epstopdf)             \includegraphics on input line 1528.
Package epstopdf Info: Output file is already uptodate.

<ptpot-eps-converted-to.pdf, id=400, 361.35pt x 252.945pt>
File: ptpot-eps-converted-to.pdf Graphic file (type pdf)

<use ptpot-eps-converted-to.pdf>
Package pdftex.def Info: ptpot-eps-converted-to.pdf used on input line 1528.
(pdftex.def)             Requested size: 289.0804pt x 202.35626pt.
 [46 <./concpot-eps-converted-to.pdf> <./pcetnew-eps-converted-to.pdf>]
Package epstopdf Info: Source file: <PTnew.eps>
(epstopdf)                    date: 2017-08-24 15:54:48
(epstopdf)                    size: 1713673 bytes
(epstopdf)             Output file: <PTnew-eps-converted-to.pdf>
(epstopdf)                    date: 2018-04-02 15:15:07
(epstopdf)                    size: 11349 bytes
(epstopdf)             Command: <repstopdf --outfile=PTnew-eps-converted-to.pdf
 PTnew.eps>
(epstopdf)             \includegraphics on input line 1540.
Package epstopdf Info: Output file is already uptodate.

<PTnew-eps-converted-to.pdf, id=412, 635.37375pt x 445.665pt>
File: PTnew-eps-converted-to.pdf Graphic file (type pdf)

<use PTnew-eps-converted-to.pdf>
Package pdftex.def Info: PTnew-eps-converted-to.pdf used on input line 1540.
(pdftex.def)             Requested size: 254.14499pt x 178.26283pt.
 [47 <./ptpot-eps-converted-to.pdf> <./PTnew-eps-converted-to.pdf>]
Package epstopdf Info: Source file: <etpot.eps>
(epstopdf)                    date: 2017-08-29 17:57:13
(epstopdf)                    size: 21454 bytes
(epstopdf)             Output file: <etpot-eps-converted-to.pdf>
(epstopdf)                    date: 2018-03-28 17:35:37
(epstopdf)                    size: 7174 bytes
(epstopdf)             Command: <repstopdf --outfile=etpot-eps-converted-to.pdf
 etpot.eps>
(epstopdf)             \includegraphics on input line 1604.
Package epstopdf Info: Output file is already uptodate.

<etpot-eps-converted-to.pdf, id=425, 361.35pt x 252.945pt>
File: etpot-eps-converted-to.pdf Graphic file (type pdf)

<use etpot-eps-converted-to.pdf>
Package pdftex.def Info: etpot-eps-converted-to.pdf used on input line 1604.
(pdftex.def)             Requested size: 289.0804pt x 202.35626pt.
 [48] [49 <./etpot-eps-converted-to.pdf>]
Package epstopdf Info: Source file: <ETnew.eps>
(epstopdf)                    date: 2017-08-24 15:54:40
(epstopdf)                    size: 1707815 bytes
(epstopdf)             Output file: <ETnew-eps-converted-to.pdf>
(epstopdf)                    date: 2018-03-28 17:34:06
(epstopdf)                    size: 11682 bytes
(epstopdf)             Command: <repstopdf --outfile=ETnew-eps-converted-to.pdf
 ETnew.eps>
(epstopdf)             \includegraphics on input line 1665.
Package epstopdf Info: Output file is already uptodate.

<ETnew-eps-converted-to.pdf, id=437, 630.355pt x 447.6725pt>
File: ETnew-eps-converted-to.pdf Graphic file (type pdf)

<use ETnew-eps-converted-to.pdf>
Package pdftex.def Info: ETnew-eps-converted-to.pdf used on input line 1665.
(pdftex.def)             Requested size: 252.13753pt x 179.06583pt.
 [50 <./ETnew-eps-converted-to.pdf>]
Package epstopdf Info: Source file: <indivET.eps>
(epstopdf)                    date: 2017-08-24 15:54:43
(epstopdf)                    size: 1719782 bytes
(epstopdf)             Output file: <indivET-eps-converted-to.pdf>
(epstopdf)                    date: 2018-03-28 17:29:42
(epstopdf)                    size: 11375 bytes
(epstopdf)             Command: <repstopdf --outfile=indivET-eps-converted-to.p
df indivET.eps>
(epstopdf)             \includegraphics on input line 1714.
Package epstopdf Info: Output file is already uptodate.

<indivET-eps-converted-to.pdf, id=444, 633.36626pt x 448.67625pt>
File: indivET-eps-converted-to.pdf Graphic file (type pdf)

<use indivET-eps-converted-to.pdf>
Package pdftex.def Info: indivET-eps-converted-to.pdf used on input line 1714.
(pdftex.def)             Requested size: 253.34201pt x 179.46732pt.


LaTeX Warning: `!h' float specifier changed to `!ht'.

[51] [52 <./indivET-eps-converted-to.pdf>] [53]
Chapter 5.
[54

] <fluxsurface.png, id=461, 370.38374pt x 471.7625pt>
File: fluxsurface.png Graphic file (type png)
 <use fluxsurface.png>
Package pdftex.def Info: fluxsurface.png used on input line 1783.
(pdftex.def)             Requested size: 185.1914pt x 235.88066pt.


LaTeX Warning: `!h' float specifier changed to `!ht'.

[55] [56 <./fluxsurface.png>] [57] [58] [59] [60] [61] [62] [63] [64] [65]
[66] [67] [68] [69] [70] <avginstantonE.pdf, id=515, 794.97pt x 614.295pt>
File: avginstantonE.pdf Graphic file (type pdf)

<use avginstantonE.pdf>
Package pdftex.def Info: avginstantonE.pdf used on input line 2131.
(pdftex.def)             Requested size: 317.98236pt x 245.71364pt.
 <instanton14b.pdf, id=516, 794.97pt x 614.295pt>
File: instanton14b.pdf Graphic file (type pdf)

<use instanton14b.pdf>
Package pdftex.def Info: instanton14b.pdf used on input line 2144.
(pdftex.def)             Requested size: 317.98236pt x 245.71364pt.


LaTeX Warning: `!h' float specifier changed to `!ht'.

<avgpop.pdf, id=517, 794.97pt x 614.295pt>
File: avgpop.pdf Graphic file (type pdf)
 <use avgpop.pdf>
Package pdftex.def Info: avgpop.pdf used on input line 2153.
(pdftex.def)             Requested size: 317.98236pt x 245.71364pt.
 [71 <./avginstantonE.pdf>]

LaTeX Warning: `!h' float specifier changed to `!ht'.

<instantaneousS.pdf, id=541, 794.97pt x 614.295pt>
File: instantaneousS.pdf Graphic file (type pdf)
 <use instantaneousS.pdf>
Package pdftex.def Info: instantaneousS.pdf used on input line 2164.
(pdftex.def)             Requested size: 317.98236pt x 245.71364pt.

[72 <./instanton14b.pdf>] [73 <./avgpop.pdf> <./instantaneousS.pdf>] [74]
[75] [76] <schematicpot.pdf, id=615, 794.97pt x 614.295pt>
File: schematicpot.pdf Graphic file (type pdf)

<use schematicpot.pdf>
Package pdftex.def Info: schematicpot.pdf used on input line 2209.
(pdftex.def)             Requested size: 317.98236pt x 245.71364pt.
 [77 <./schematicpot.pdf>] [78] [79] [80] [81]
Overfull \hbox (6.96385pt too wide) detected at line 2366
\OT1/txr/m/n/12 [[][]][] = [] \OML/txmi/m/it/12 d\OT1/txr/m/n/12 ^^A\OML/txmi/m
/it/12 x[] [] d\OT1/txr/m/n/12 ^^A\OML/txmi/m/it/12 x[]\OMS/txsy/m/n/12 h\OML/t
xmi/m/it/12 x[] \OMS/txsy/m/n/12 ^^@ \OT1/txr/m/n/12 ^^A\OML/txmi/m/it/12 x[]=\
OT1/txr/m/n/12 2\OML/txmi/m/it/12 ; x[] \OMS/txsy/m/n/12 ^^@ \OT1/txr/m/n/12 ^^
A\OML/txmi/m/it/12 x[]=\OT1/txr/m/n/12 2\OMS/txsy/m/n/12 j[][]j\OML/txmi/m/it/1
2 x[] \OT1/txr/m/n/12 + ^^A\OML/txmi/m/it/12 x[]=\OT1/txr/m/n/12 2\OML/txmi/m/i
t/12 ; x[] \OT1/txr/m/n/12 + ^^A\OML/txmi/m/it/12 x[]=\OT1/txr/m/n/12 2\OMS/txs
y/m/n/12 i\OML/txmi/m/it/12 e[]
 []


Overfull \hbox (7.45016pt too wide) in paragraph at lines 2395--2396
[]\OT1/ppl/m/n/12 and in-sert-ing a com-plete set of mo-men-tum states $\OMS/tx
sy/m/n/12 I \OT1/txr/m/n/12 = [] \OML/txmi/m/it/12 dp[] [] dp[]\OMS/txsy/m/n/12
 j\OML/txmi/m/it/12 p[]; p[]\OMS/txsy/m/n/12 ih\OML/txmi/m/it/12 p[]; p[]\OMS/t
xsy/m/n/12 j$\OT1/ppl/m/n/12 . 
 []

[82] [83] [84] [85] [86]
Chapter 6.
[87

] [88] [89]
Appendix A.
[90

] [91]

LaTeX Warning: `!h' float specifier changed to `!ht'.


LaTeX Warning: `!h' float specifier changed to `!ht'.


LaTeX Warning: `!h' float specifier changed to `!ht'.


LaTeX Warning: `!h' float specifier changed to `!ht'.


LaTeX Warning: `!h' float specifier changed to `!ht'.


LaTeX Warning: `!h' float specifier changed to `!ht'.

(./SPTHESIS2.bbl [92] [93] [94]
Missing character: There is no Â in font pplr7t!
Missing character: There is no ´ in font pplr7t!
 [95

]
Underfull \hbox (badness 7722) in paragraph at lines 94--97
[]\OT1/ppl/m/n/12 Rosana Collepardo-Guevara, Yury V. Suleimanov, and David E.
 []

[96]
Underfull \hbox (badness 1286) in paragraph at lines 173--177
\OT1/ppl/m/n/12 conserving clas-si-cal dy-nam-ics in quan-tum time-correlation 
func-tions:
 []

[97]
Underfull \hbox (badness 1418) in paragraph at lines 227--231
[]\OT1/ppl/m/n/12 Kenion Rachel L. and Nan-dini Ananth.  Di-rect sim-u-la-tion 
of elec-
 []


Underfull \hbox (badness 2635) in paragraph at lines 227--231
\OT1/ppl/m/n/12 tron trans-fer in the cobalt hex-am-mine(ii/iii) self-exchange 
re-ac-tion.
 []

[98]
Underfull \hbox (badness 1418) in paragraph at lines 293--297
[]\OT1/ppl/m/n/12 Shinichi Miura and Susumu Okazaki.  Path in-te-gral molec-u-l
ar dy-
 []


Underfull \hbox (badness 1533) in paragraph at lines 293--297
\OT1/ppl/m/n/12 nam-ics for bose--einstein and fermi--dirac statis-tics.  \OT1/
ppl/m/it/12 J. Chem. Phys.\OT1/ppl/m/n/12 ,
 []

[99]
Underfull \hbox (badness 5133) in paragraph at lines 360--364
[]\OT1/ppl/m/n/12 Yury V. Suleimanova, Rosana Collepardo-Guevara, and David E.
 []

[100]
Missing character: There is no å in font pplr7t!
) [101] (./SPTHESIS2.aux)

LaTeX Warning: There were multiply-defined labels.

 ) 
Here is how much of TeX's memory you used:
 5538 strings out of 493315
 81754 string characters out of 6137904
 161665 words of memory out of 5000000
 8815 multiletter control sequences out of 15000+600000
 33689 words of font info for 78 fonts, out of 8000000 for 9000
 957 hyphenation exceptions out of 8191
 38i,14n,51p,1841b,283s stack positions out of 5000i,500n,10000p,200000b,80000s
{/usr/local/texlive/2013/texmf-dist/fonts/enc/dvips/base/8r.enc}</usr/local/t
exlive/2013/texmf-dist/fonts/type1/public/amsfonts/cm/cmmi10.pfb></usr/local/te
xlive/2013/texmf-dist/fonts/type1/public/amsfonts/cm/cmr10.pfb></usr/local/texl
ive/2013/texmf-dist/fonts/type1/public/amsfonts/cm/cmsy10.pfb></usr/local/texli
ve/2013/texmf-dist/fonts/type1/public/amsfonts/cm/cmsy7.pfb></usr/local/texlive
/2013/texmf-dist/fonts/type1/public/txfonts/rtxb.pfb></usr/local/texlive/2013/t
exmf-dist/fonts/type1/public/txfonts/rtxmi.pfb></usr/local/texlive/2013/texmf-d
ist/fonts/type1/public/txfonts/rtxr.pfb></usr/local/texlive/2013/texmf-dist/fon
ts/type1/public/txfonts/txex.pfb></usr/local/texlive/2013/texmf-dist/fonts/type
1/public/txfonts/txsy.pfb></usr/local/texlive/2013/texmf-dist/fonts/type1/publi
c/txfonts/txsyb.pfb></usr/local/texlive/2013/texmf-dist/fonts/type1/public/txfo
nts/txsyc.pfb></usr/local/texlive/2013/texmf-dist/fonts/type1/urw/palatino/uplb
8a.pfb></usr/local/texlive/2013/texmf-dist/fonts/type1/urw/palatino/uplr8a.pfb>
</usr/local/texlive/2013/texmf-dist/fonts/type1/urw/palatino/uplri8a.pfb></usr/
local/texlive/2013/texmf-dist/fonts/type1/urw/times/utmb8a.pfb></usr/local/texl
ive/2013/texmf-dist/fonts/type1/urw/times/utmr8a.pfb></usr/local/texlive/2013/t
exmf-dist/fonts/type1/urw/times/utmri8a.pfb>
Output written on SPTHESIS2.pdf (115 pages, 976122 bytes).
PDF statistics:
 812 PDF objects out of 1000 (max. 8388607)
 569 compressed objects within 6 object streams
 0 named destinations out of 1000 (max. 500000)
 111 words of extra memory for PDF output out of 10000 (max. 10000000)

